<?xml version="1.0" encoding="UTF-8"?>
<testng-results ignored="0" total="2" passed="2" failed="0" skipped="0">
  <reporter-output>
  </reporter-output>
  <suite started-at="2026-09-04T15:20:53 IST" name="Default suite" finished-at="2026-09-04T15:20:53 IST" duration-ms="63">
    <groups>
    </groups>
    <test started-at="2026-09-04T15:20:53 IST" name="Default test" finished-at="2026-09-04T15:20:53 IST" duration-ms="63">
      <class name="ORG.org">
        <test-method signature="CreateConTest()[pri:0, instance:ORG.org@397fbdb]" started-at="2026-09-04T15:20:53 IST" name="CreateConTest" finished-at="2026-09-04T15:20:53 IST" duration-ms="16" status="PASS">
          <reporter-output>
          </reporter-output>
        </test-method> <!-- CreateConTest -->
        <test-method signature="CreateOrgTest()[pri:0, instance:ORG.org@397fbdb]" started-at="2026-09-04T15:20:53 IST" name="CreateOrgTest" finished-at="2026-09-04T15:20:53 IST" duration-ms="2" status="PASS">
          <reporter-output>
          </reporter-output>
        </test-method> <!-- CreateOrgTest -->
      </class> <!-- ORG.org -->
    </test> <!-- Default test -->
  </suite> <!-- Default suite -->
</testng-results>
